<?xml version="1.0" encoding="UTF-8"?>
<!-- Generated by org.testng.reporters.JUnitXMLReporter -->
<testsuite ignored="0" hostname="DESKTOP-1IO9RHD" failures="0" tests="4" name="Surefire test" time="13.803" errors="0" timestamp="2026-09-25T15:27:47 MSK">
  <testcase classname="tests.CartTest" name="addProductToCartTest" time="0.452"/>
  <testcase classname="tests.CheckoutTest" name="successfulCheckoutTest" time="1.185"/>
  <testcase classname="tests.LoginTest" name="lockedUserLoginTest" time="0.335"/>
  <testcase classname="tests.LoginTest" name="successfulLoginTest" time="0.309"/>
</testsuite> <!-- Surefire test -->
